<?xml version="1.0" encoding="UTF-8"?>
<testng-results ignored="0" total="2" passed="2" failed="0" skipped="0">
  <reporter-output>
  </reporter-output>
  <suite started-at="2019-12-05T03:40:00Z" name="Default suite" finished-at="2019-12-05T03:41:02Z" duration-ms="61737">
    <groups>
    </groups>
    <test started-at="2019-12-05T03:40:00Z" name="Default test" finished-at="2019-12-05T03:41:02Z" duration-ms="61737">
      <class name="salesTest">
        <test-method is-config="true" signature="setupDriver()[pri:0, instance:salesTest@3a079870]" started-at="2019-12-05T03:40:00Z" name="setupDriver" finished-at="2019-12-05T03:40:16Z" duration-ms="16212" status="PASS">
          <reporter-output>
          </reporter-output>
        </test-method> <!-- setupDriver -->
        <test-method signature="TC02_LoginToSalesForce()[pri:2, instance:salesTest@3a079870]" started-at="2019-12-05T03:40:16Z" name="TC02_LoginToSalesForce" finished-at="2019-12-05T03:40:28Z" duration-ms="11982" status="PASS">
          <reporter-output>
          </reporter-output>
        </test-method> <!-- TC02_LoginToSalesForce -->
        <test-method is-config="true" signature="closing()[pri:0, instance:salesTest@3a079870]" started-at="2019-12-05T03:40:28Z" name="closing" finished-at="2019-12-05T03:40:29Z" duration-ms="1269" status="PASS">
          <reporter-output>
          </reporter-output>
        </test-method> <!-- closing -->
        <test-method is-config="true" signature="setupDriver()[pri:0, instance:salesTest@3a079870]" started-at="2019-12-05T03:40:29Z" name="setupDriver" finished-at="2019-12-05T03:40:44Z" duration-ms="14727" status="PASS">
          <reporter-output>
          </reporter-output>
        </test-method> <!-- setupDriver -->
        <test-method signature="TC03_CheckRemeberMe()[pri:3, instance:salesTest@3a079870]" started-at="2019-12-05T03:40:44Z" name="TC03_CheckRemeberMe" finished-at="2019-12-05T03:41:01Z" duration-ms="16410" status="PASS">
          <reporter-output>
          </reporter-output>
        </test-method> <!-- TC03_CheckRemeberMe -->
        <test-method is-config="true" signature="closing()[pri:0, instance:salesTest@3a079870]" started-at="2019-12-05T03:41:01Z" name="closing" finished-at="2019-12-05T03:41:02Z" duration-ms="1088" status="PASS">
          <reporter-output>
          </reporter-output>
        </test-method> <!-- closing -->
      </class> <!-- salesTest -->
    </test> <!-- Default test -->
  </suite> <!-- Default suite -->
</testng-results>
