<?xml version="1.0" encoding="UTF-8"?>
<testng-results ignored="0" total="1" passed="1" failed="0" skipped="0">
  <reporter-output>
  </reporter-output>
  <suite started-at="2019-10-04T12:53:02Z" name="Default suite" finished-at="2019-10-04T12:53:03Z" duration-ms="56">
    <groups>
    </groups>
    <test started-at="2019-10-04T12:53:02Z" name="Default test" finished-at="2019-10-04T12:53:03Z" duration-ms="56">
      <class name="Apptest">
        <test-method signature="testApp()[pri:0, instance:Apptest@64c87930]" started-at="2019-10-04T12:53:03Z" name="testApp" finished-at="2019-10-04T12:53:03Z" duration-ms="15" status="PASS">
          <reporter-output>
          </reporter-output>
        </test-method> <!-- testApp -->
      </class> <!-- Apptest -->
    </test> <!-- Default test -->
  </suite> <!-- Default suite -->
</testng-results>
